# JRE version: OpenJDK Runtime Environment (11.0.2+9) (build 11.0.2+9-b159.34)
# Java VM: OpenJDK 64-Bit Server VM (11.0.2+9-b159.34, mixed mode, tiered, compressed oops, concurrent mark sweep gc, bsd-amd64)
Heap:
 par new generation   total 39296K, used 21697K [0x00000007d1200000, 0x00000007d3ca0000, 0x00000007e0c00000)
  eden space 34944K,  58% used [0x00000007d1200000, 0x00000007d2609dc8, 0x00000007d3420000)
  from space 4352K,  27% used [0x00000007d3860000, 0x00000007d3986740, 0x00000007d3ca0000)
  to   space 4352K,   0% used [0x00000007d3420000, 0x00000007d3420000, 0x00000007d3860000)
 concurrent mark-sweep generation total 512000K, used 163916K [0x00000007e0c00000, 0x0000000800000000, 0x0000000800000000)
 Metaspace       used 255275K, capacity 264098K, committed 265560K, reserved 1282048K
  class space    used 29722K, capacity 33145K, committed 33504K, reserved 1048576K
GC Heap History (10 events):
Event: 149344.727 GC heap before
{Heap before GC invocations=2196 (full 16):
 par new generation   total 39296K, used 37457K [0x00000007d1200000, 0x00000007d3ca0000, 0x00000007e0c00000)
  eden space 34944K, 100% used [0x00000007d1200000, 0x00000007d3420000, 0x00000007d3420000)
  from space 4352K,  57% used [0x00000007d3420000, 0x00000007d3694688, 0x00000007d3860000)
  to   space 4352K,   0% used [0x00000007d3860000, 0x00000007d3860000, 0x00000007d3ca0000)
 concurrent mark-sweep generation total 512000K, used 162132K [0x00000007e0c00000, 0x0000000800000000, 0x0000000800000000)
 Metaspace       used 254841K, capacity 263670K, committed 265560K, reserved 1282048K
  class space    used 29660K, capacity 33067K, committed 33504K, reserved 1048576K
}
Event: 149344.734 GC heap after
{Heap after GC invocations=2197 (full 16):
 par new generation   total 39296K, used 3085K [0x00000007d1200000, 0x00000007d3ca0000, 0x00000007e0c00000)
  eden space 34944K,   0% used [0x00000007d1200000, 0x00000007d1200000, 0x00000007d3420000)
  from space 4352K,  70% used [0x00000007d3860000, 0x00000007d3b63690, 0x00000007d3ca0000)
  to   space 4352K,   0% used [0x00000007d3420000, 0x00000007d3420000, 0x00000007d3860000)
 concurrent mark-sweep generation total 512000K, used 162161K [0x00000007e0c00000, 0x0000000800000000, 0x0000000800000000)
 Metaspace       used 254841K, capacity 263670K, committed 265560K, reserved 1282048K
  class space    used 29660K, capacity 33067K, committed 33504K, reserved 1048576K
}
Event: 149344.918 GC heap before
{Heap before GC invocations=2197 (full 16):
 par new generation   total 39296K, used 38029K [0x00000007d1200000, 0x00000007d3ca0000, 0x00000007e0c00000)
  eden space 34944K, 100% used [0x00000007d1200000, 0x00000007d3420000, 0x00000007d3420000)
  from space 4352K,  70% used [0x00000007d3860000, 0x00000007d3b63690, 0x00000007d3ca0000)
  to   space 4352K,   0% used [0x00000007d3420000, 0x00000007d3420000, 0x00000007d3860000)
 concurrent mark-sweep generation total 512000K, used 162161K [0x00000007e0c00000, 0x0000000800000000, 0x0000000800000000)
 Metaspace       used 254842K, capacity 263671K, committed 265560K, reserved 1282048K
  class space    used 29660K, capacity 33067K, committed 33504K, reserved 1048576K
}
Event: 149344.925 GC heap after
{Heap after GC invocations=2198 (full 16):
 par new generation   total 39296K, used 3095K [0x00000007d1200000, 0x00000007d3ca0000, 0x00000007e0c00000)
  eden space 34944K,   0% used [0x00000007d1200000, 0x00000007d1200000, 0x00000007d3420000)
  from space 4352K,  71% used [0x00000007d3420000, 0x00000007d3725d00, 0x00000007d3860000)
  to   space 4352K,   0% used [0x00000007d3860000, 0x00000007d3860000, 0x00000007d3ca0000)
 concurrent mark-sweep generation total 512000K, used 162254K [0x00000007e0c00000, 0x0000000800000000, 0x0000000800000000)
 Metaspace       used 254842K, capacity 263671K, committed 265560K, reserved 1282048K
  class space    used 29660K, capacity 33067K, committed 33504K, reserved 1048576K
}
Event: 149345.023 GC heap before
{Heap before GC invocations=2198 (full 16):
 par new generation   total 39296K, used 38039K [0x00000007d1200000, 0x00000007d3ca0000, 0x00000007e0c00000)
  eden space 34944K, 100% used [0x00000007d1200000, 0x00000007d3420000, 0x00000007d3420000)
  from space 4352K,  71% used [0x00000007d3420000, 0x00000007d3725d00, 0x00000007d3860000)
  to   space 4352K,   0% used [0x00000007d3860000, 0x00000007d3860000, 0x00000007d3ca0000)
 concurrent mark-sweep generation total 512000K, used 162254K [0x00000007e0c00000, 0x0000000800000000, 0x0000000800000000)
 Metaspace       used 254842K, capacity 263671K, committed 265560K, reserved 1282048K
  class space    used 29660K, capacity 33067K, committed 33504K, reserved 1048576K
}
Event: 149345.030 GC heap after
{Heap after GC invocations=2199 (full 16):
 par new generation   total 39296K, used 2064K [0x00000007d1200000, 0x00000007d3ca0000, 0x00000007e0c00000)
  eden space 34944K,   0% used [0x00000007d1200000, 0x00000007d1200000, 0x00000007d3420000)
  from space 4352K,  47% used [0x00000007d3860000, 0x00000007d3a64300, 0x00000007d3ca0000)
  to   space 4352K,   0% used [0x00000007d3420000, 0x00000007d3420000, 0x00000007d3860000)
 concurrent mark-sweep generation total 512000K, used 163782K [0x00000007e0c00000, 0x0000000800000000, 0x0000000800000000)
 Metaspace       used 254842K, capacity 263671K, committed 265560K, reserved 1282048K
  class space    used 29660K, capacity 33067K, committed 33504K, reserved 1048576K
}
Event: 149345.206 GC heap before
{Heap before GC invocations=2199 (full 16):
 par new generation   total 39296K, used 37008K [0x00000007d1200000, 0x00000007d3ca0000, 0x00000007e0c00000)
  eden space 34944K, 100% used [0x00000007d1200000, 0x00000007d3420000, 0x00000007d3420000)
  from space 4352K,  47% used [0x00000007d3860000, 0x00000007d3a64300, 0x00000007d3ca0000)
  to   space 4352K,   0% used [0x00000007d3420000, 0x00000007d3420000, 0x00000007d3860000)
 concurrent mark-sweep generation total 512000K, used 163782K [0x00000007e0c00000, 0x0000000800000000, 0x0000000800000000)
 Metaspace       used 254842K, capacity 263671K, committed 265560K, reserved 1282048K
  class space    used 29660K, capacity 33067K, committed 33504K, reserved 1048576K
}
Event: 149345.212 GC heap after
{Heap after GC invocations=2200 (full 16):
 par new generation   total 39296K, used 1238K [0x00000007d1200000, 0x00000007d3ca0000, 0x00000007e0c00000)
  eden space 34944K,   0% used [0x00000007d1200000, 0x00000007d1200000, 0x00000007d3420000)
  from space 4352K,  28% used [0x00000007d3420000, 0x00000007d3555880, 0x00000007d3860000)
  to   space 4352K,   0% used [0x00000007d3860000, 0x00000007d3860000, 0x00000007d3ca0000)
 concurrent mark-sweep generation total 512000K, used 163884K [0x00000007e0c00000, 0x0000000800000000, 0x0000000800000000)
 Metaspace       used 254842K, capacity 263671K, committed 265560K, reserved 1282048K
  class space    used 29660K, capacity 33067K, committed 33504K, reserved 1048576K
}
Event: 149348.036 GC heap before
{Heap before GC invocations=2200 (full 16):
 par new generation   total 39296K, used 36182K [0x00000007d1200000, 0x00000007d3ca0000, 0x00000007e0c00000)
  eden space 34944K,  99% used [0x00000007d1200000, 0x00000007d341ffd8, 0x00000007d3420000)
  from space 4352K,  28% used [0x00000007d3420000, 0x00000007d3555880, 0x00000007d3860000)
  to   space 4352K,   0% used [0x00000007d3860000, 0x00000007d3860000, 0x00000007d3ca0000)
 concurrent mark-sweep generation total 512000K, used 163884K [0x00000007e0c00000, 0x0000000800000000, 0x0000000800000000)
 Metaspace       used 254844K, capacity 263671K, committed 265560K, reserved 1282048K
  class space    used 29660K, capacity 33067K, committed 33504K, reserved 1048576K
}
Event: 149348.044 GC heap after
{Heap after GC invocations=2201 (full 16):
 par new generation   total 39296K, used 1177K [0x00000007d1200000, 0x00000007d3ca0000, 0x00000007e0c00000)
  eden space 34944K,   0% used [0x00000007d1200000, 0x00000007d1200000, 0x00000007d3420000)
  from space 4352K,  27% used [0x00000007d3860000, 0x00000007d3986740, 0x00000007d3ca0000)
  to   space 4352K,   0% used [0x00000007d3420000, 0x00000007d3420000, 0x00000007d3860000)
 concurrent mark-sweep generation total 512000K, used 163916K [0x00000007e0c00000, 0x0000000800000000, 0x0000000800000000)
 Metaspace       used 254844K, capacity 263671K, committed 265560K, reserved 1282048K
  class space    used 29660K, capacity 33067K, committed 33504K, reserved 1048576K
}

